<?xml version="1.0" encoding="UTF-8"?>
<coverage generated="1526199678769" clover="3.2.0">
  <project timestamp="1526199678769" name="All files">
    <metrics statements="12" coveredstatements="12" conditionals="9" coveredconditionals="9" methods="2" coveredmethods="2" elements="23" coveredelements="23" complexity="0" loc="12" ncloc="12" packages="1" files="2" classes="2">
      <file name="budget-View.js" path="/Users/annika/workspace/finalproject/ShopBro-2.0/client/reducers/budget-View.js">
        <metrics statements="6" coveredstatements="6" conditionals="4" coveredconditionals="4" methods="1" coveredmethods="1"/>
        <line num="1" count="1" type="stmt"/>
        <line num="3" count="1" type="cond" truecount="1" falsecount="0"/>
        <line num="4" count="3" type="cond" truecount="3" falsecount="0"/>
        <line num="6" count="1" type="stmt"/>
        <line num="8" count="1" type="stmt"/>
        <line num="10" count="1" type="stmt"/>
      </file>
      <file name="budget.js" path="/Users/annika/workspace/finalproject/ShopBro-2.0/client/reducers/budget.js">
        <metrics statements="6" coveredstatements="6" conditionals="5" coveredconditionals="5" methods="1" coveredmethods="1"/>
        <line num="1" count="1" type="cond" truecount="1" falsecount="0"/>
        <line num="2" count="4" type="cond" truecount="4" falsecount="0"/>
        <line num="4" count="1" type="stmt"/>
        <line num="6" count="1" type="stmt"/>
        <line num="8" count="1" type="stmt"/>
        <line num="10" count="1" type="stmt"/>
      </file>
    </metrics>
  </project>
</coverage>
