{"/Users/annika/workspace/finalproject/ShopBro-2.0/knexfile.js": {"path":"/Users/annika/workspace/finalproject/ShopBro-2.0/knexfile.js","statementMap":{"0":{"start":{"line":3,"column":0},"end":{"line":33,"column":2}}},"fnMap":{},"branchMap":{},"s":{"0":1},"f":{},"b":{},"_coverageSchema":"332fd63041d2c1bcb487cc26dd0d5f7d97098a6c","hash":"6072e5ce82c72a05d684ba16f9a42851e8f977af"}
,"/Users/annika/workspace/finalproject/ShopBro-2.0/client/reducers/budget-View.js": {"path":"/Users/annika/workspace/finalproject/ShopBro-2.0/client/reducers/budget-View.js","statementMap":{"0":{"start":{"line":1,"column":24},"end":{"line":1,"column":34}},"1":{"start":{"line":3,"column":19},"end":{"line":12,"column":1}},"2":{"start":{"line":4,"column":2},"end":{"line":11,"column":3}},"3":{"start":{"line":6,"column":6},"end":{"line":6,"column":31}},"4":{"start":{"line":8,"column":6},"end":{"line":8,"column":22}},"5":{"start":{"line":10,"column":6},"end":{"line":10,"column":18}}},"fnMap":{"0":{"name":"(anonymous_0)","decl":{"start":{"line":3,"column":19},"end":{"line":3,"column":20}},"loc":{"start":{"line":3,"column":50},"end":{"line":12,"column":1}},"line":3}},"branchMap":{"0":{"loc":{"start":{"line":3,"column":20},"end":{"line":3,"column":37}},"type":"default-arg","locations":[{"start":{"line":3,"column":28},"end":{"line":3,"column":37}}],"line":3},"1":{"loc":{"start":{"line":4,"column":2},"end":{"line":11,"column":3}},"type":"switch","locations":[{"start":{"line":5,"column":4},"end":{"line":6,"column":31}},{"start":{"line":7,"column":4},"end":{"line":8,"column":22}},{"start":{"line":9,"column":4},"end":{"line":10,"column":18}}],"line":4}},"s":{"0":1,"1":1,"2":2,"3":1,"4":0,"5":1},"f":{"0":2},"b":{"0":[1],"1":[1,0,1]},"_coverageSchema":"332fd63041d2c1bcb487cc26dd0d5f7d97098a6c","hash":"5c89cf92fdd02ab0f6d8b38cee1f786ef6195fba"}
,"/Users/annika/workspace/finalproject/ShopBro-2.0/client/reducers/budget.js": {"path":"/Users/annika/workspace/finalproject/ShopBro-2.0/client/reducers/budget.js","statementMap":{"0":{"start":{"line":1,"column":15},"end":{"line":12,"column":1}},"1":{"start":{"line":2,"column":2},"end":{"line":11,"column":3}},"2":{"start":{"line":4,"column":6},"end":{"line":4,"column":26}},"3":{"start":{"line":6,"column":6},"end":{"line":6,"column":15}},"4":{"start":{"line":8,"column":6},"end":{"line":8,"column":15}},"5":{"start":{"line":10,"column":6},"end":{"line":10,"column":18}}},"fnMap":{"0":{"name":"(anonymous_0)","decl":{"start":{"line":1,"column":15},"end":{"line":1,"column":16}},"loc":{"start":{"line":1,"column":39},"end":{"line":12,"column":1}},"line":1}},"branchMap":{"0":{"loc":{"start":{"line":1,"column":16},"end":{"line":1,"column":26}},"type":"default-arg","locations":[{"start":{"line":1,"column":24},"end":{"line":1,"column":26}}],"line":1},"1":{"loc":{"start":{"line":2,"column":2},"end":{"line":11,"column":3}},"type":"switch","locations":[{"start":{"line":3,"column":4},"end":{"line":4,"column":26}},{"start":{"line":5,"column":4},"end":{"line":6,"column":15}},{"start":{"line":7,"column":4},"end":{"line":8,"column":15}},{"start":{"line":9,"column":4},"end":{"line":10,"column":18}}],"line":2}},"s":{"0":1,"1":3,"2":1,"3":1,"4":0,"5":1},"f":{"0":3},"b":{"0":[3],"1":[1,1,0,1]},"_coverageSchema":"332fd63041d2c1bcb487cc26dd0d5f7d97098a6c","hash":"05495007a41d92b375bf773fcf34719408e4329a"}
,"/Users/annika/workspace/finalproject/ShopBro-2.0/client/reducers/shoppingList.js": {"path":"/Users/annika/workspace/finalproject/ShopBro-2.0/client/reducers/shoppingList.js","statementMap":{"0":{"start":{"line":2,"column":1},"end":{"line":25,"column":2}},"1":{"start":{"line":4,"column":3},"end":{"line":4,"column":33}},"2":{"start":{"line":6,"column":23},"end":{"line":12,"column":5}},"3":{"start":{"line":7,"column":4},"end":{"line":11,"column":5}},"4":{"start":{"line":8,"column":5},"end":{"line":8,"column":23}},"5":{"start":{"line":10,"column":5},"end":{"line":10,"column":16}},"6":{"start":{"line":13,"column":3},"end":{"line":13,"column":28}},"7":{"start":{"line":15,"column":25},"end":{"line":17,"column":6}},"8":{"start":{"line":16,"column":4},"end":{"line":16,"column":37}},"9":{"start":{"line":18,"column":3},"end":{"line":18,"column":29}},"10":{"start":{"line":20,"column":3},"end":{"line":20,"column":12}},"11":{"start":{"line":22,"column":6},"end":{"line":22,"column":15}},"12":{"start":{"line":24,"column":3},"end":{"line":24,"column":15}}},"fnMap":{"0":{"name":"shoppingList","decl":{"start":{"line":1,"column":9},"end":{"line":1,"column":21}},"loc":{"start":{"line":1,"column":43},"end":{"line":26,"column":1}},"line":1},"1":{"name":"(anonymous_1)","decl":{"start":{"line":6,"column":33},"end":{"line":6,"column":34}},"loc":{"start":{"line":6,"column":41},"end":{"line":12,"column":4}},"line":6},"2":{"name":"(anonymous_2)","decl":{"start":{"line":15,"column":38},"end":{"line":15,"column":39}},"loc":{"start":{"line":15,"column":46},"end":{"line":17,"column":5}},"line":15}},"branchMap":{"0":{"loc":{"start":{"line":1,"column":23},"end":{"line":1,"column":33}},"type":"default-arg","locations":[{"start":{"line":1,"column":31},"end":{"line":1,"column":33}}],"line":1},"1":{"loc":{"start":{"line":2,"column":1},"end":{"line":25,"column":2}},"type":"switch","locations":[{"start":{"line":3,"column":2},"end":{"line":4,"column":33}},{"start":{"line":5,"column":2},"end":{"line":13,"column":28}},{"start":{"line":14,"column":2},"end":{"line":18,"column":29}},{"start":{"line":19,"column":2},"end":{"line":20,"column":12}},{"start":{"line":21,"column":2},"end":{"line":22,"column":15}},{"start":{"line":23,"column":2},"end":{"line":24,"column":15}}],"line":2},"2":{"loc":{"start":{"line":7,"column":4},"end":{"line":11,"column":5}},"type":"if","locations":[{"start":{"line":7,"column":4},"end":{"line":11,"column":5}},{"start":{"line":7,"column":4},"end":{"line":11,"column":5}}],"line":7}},"s":{"0":2,"1":1,"2":0,"3":0,"4":0,"5":0,"6":0,"7":0,"8":0,"9":0,"10":0,"11":0,"12":1},"f":{"0":2,"1":0,"2":0},"b":{"0":[2],"1":[1,0,0,0,0,1],"2":[0,0]},"_coverageSchema":"332fd63041d2c1bcb487cc26dd0d5f7d97098a6c","hash":"6abb0169bc65d83747baedd57cc51119065d1ef0"}
,"/Users/annika/workspace/finalproject/ShopBro-2.0/client/reducers/totalSpend.js": {"path":"/Users/annika/workspace/finalproject/ShopBro-2.0/client/reducers/totalSpend.js","statementMap":{"0":{"start":{"line":1,"column":19},"end":{"line":14,"column":3}},"1":{"start":{"line":2,"column":4},"end":{"line":13,"column":5}},"2":{"start":{"line":4,"column":8},"end":{"line":4,"column":56}},"3":{"start":{"line":6,"column":8},"end":{"line":6,"column":56}},"4":{"start":{"line":8,"column":8},"end":{"line":8,"column":16}},"5":{"start":{"line":10,"column":8},"end":{"line":10,"column":16}},"6":{"start":{"line":12,"column":8},"end":{"line":12,"column":20}}},"fnMap":{"0":{"name":"(anonymous_0)","decl":{"start":{"line":1,"column":19},"end":{"line":1,"column":20}},"loc":{"start":{"line":1,"column":42},"end":{"line":14,"column":3}},"line":1}},"branchMap":{"0":{"loc":{"start":{"line":1,"column":20},"end":{"line":1,"column":29}},"type":"default-arg","locations":[{"start":{"line":1,"column":28},"end":{"line":1,"column":29}}],"line":1},"1":{"loc":{"start":{"line":2,"column":4},"end":{"line":13,"column":5}},"type":"switch","locations":[{"start":{"line":3,"column":6},"end":{"line":4,"column":56}},{"start":{"line":5,"column":6},"end":{"line":6,"column":56}},{"start":{"line":7,"column":6},"end":{"line":8,"column":16}},{"start":{"line":9,"column":6},"end":{"line":10,"column":16}},{"start":{"line":11,"column":6},"end":{"line":12,"column":20}}],"line":2}},"s":{"0":1,"1":3,"2":1,"3":1,"4":0,"5":0,"6":1},"f":{"0":3},"b":{"0":[1],"1":[1,1,0,0,1]},"_coverageSchema":"332fd63041d2c1bcb487cc26dd0d5f7d97098a6c","hash":"4115ca044b2224a5ff68d15c8e65e62203ee5c4e"}
,"/Users/annika/workspace/finalproject/ShopBro-2.0/migrations/20170829044256_users.js": {"path":"/Users/annika/workspace/finalproject/ShopBro-2.0/migrations/20170829044256_users.js","statementMap":{"0":{"start":{"line":2,"column":0},"end":{"line":9,"column":2}},"1":{"start":{"line":3,"column":2},"end":{"line":8,"column":4}},"2":{"start":{"line":4,"column":4},"end":{"line":4,"column":31}},"3":{"start":{"line":5,"column":4},"end":{"line":5,"column":29}},"4":{"start":{"line":6,"column":4},"end":{"line":6,"column":30}},"5":{"start":{"line":7,"column":4},"end":{"line":7,"column":24}},"6":{"start":{"line":11,"column":0},"end":{"line":13,"column":2}},"7":{"start":{"line":12,"column":2},"end":{"line":12,"column":47}}},"fnMap":{"0":{"name":"(anonymous_0)","decl":{"start":{"line":2,"column":13},"end":{"line":2,"column":14}},"loc":{"start":{"line":2,"column":37},"end":{"line":9,"column":1}},"line":2},"1":{"name":"(anonymous_1)","decl":{"start":{"line":3,"column":53},"end":{"line":3,"column":54}},"loc":{"start":{"line":3,"column":62},"end":{"line":8,"column":3}},"line":3},"2":{"name":"(anonymous_2)","decl":{"start":{"line":11,"column":15},"end":{"line":11,"column":16}},"loc":{"start":{"line":11,"column":39},"end":{"line":13,"column":1}},"line":11}},"branchMap":{},"s":{"0":1,"1":1,"2":1,"3":1,"4":1,"5":1,"6":1,"7":0},"f":{"0":1,"1":1,"2":0},"b":{},"_coverageSchema":"332fd63041d2c1bcb487cc26dd0d5f7d97098a6c","hash":"76f95b3543940986d206e118c90bb08c4bbc0cc8"}
,"/Users/annika/workspace/finalproject/ShopBro-2.0/migrations/20180510114106_shoppinglist.js": {"path":"/Users/annika/workspace/finalproject/ShopBro-2.0/migrations/20180510114106_shoppinglist.js","statementMap":{"0":{"start":{"line":4,"column":0},"end":{"line":13,"column":4}},"1":{"start":{"line":5,"column":4},"end":{"line":12,"column":6}},"2":{"start":{"line":6,"column":6},"end":{"line":6,"column":28}},"3":{"start":{"line":7,"column":6},"end":{"line":7,"column":30}},"4":{"start":{"line":8,"column":6},"end":{"line":8,"column":38}},"5":{"start":{"line":9,"column":6},"end":{"line":9,"column":45}},"6":{"start":{"line":10,"column":6},"end":{"line":10,"column":29}},"7":{"start":{"line":11,"column":6},"end":{"line":11,"column":27}},"8":{"start":{"line":15,"column":2},"end":{"line":17,"column":4}},"9":{"start":{"line":16,"column":4},"end":{"line":16,"column":57}}},"fnMap":{"0":{"name":"(anonymous_0)","decl":{"start":{"line":4,"column":13},"end":{"line":4,"column":14}},"loc":{"start":{"line":4,"column":37},"end":{"line":13,"column":3}},"line":4},"1":{"name":"(anonymous_1)","decl":{"start":{"line":5,"column":63},"end":{"line":5,"column":64}},"loc":{"start":{"line":5,"column":72},"end":{"line":12,"column":5}},"line":5},"2":{"name":"(anonymous_2)","decl":{"start":{"line":15,"column":17},"end":{"line":15,"column":18}},"loc":{"start":{"line":15,"column":41},"end":{"line":17,"column":3}},"line":15}},"branchMap":{},"s":{"0":1,"1":1,"2":1,"3":1,"4":1,"5":1,"6":1,"7":1,"8":1,"9":0},"f":{"0":1,"1":1,"2":0},"b":{},"_coverageSchema":"332fd63041d2c1bcb487cc26dd0d5f7d97098a6c","hash":"28f2c18e37423595d129febe4e5d0eef9a733767"}
,"/Users/annika/workspace/finalproject/ShopBro-2.0/seeds/shoppinglist.js": {"path":"/Users/annika/workspace/finalproject/ShopBro-2.0/seeds/shoppinglist.js","statementMap":{"0":{"start":{"line":2,"column":0},"end":{"line":17,"column":1}},"1":{"start":{"line":4,"column":2},"end":{"line":16,"column":6}},"2":{"start":{"line":7,"column":6},"end":{"line":15,"column":8}}},"fnMap":{"0":{"name":"(anonymous_0)","decl":{"start":{"line":2,"column":15},"end":{"line":2,"column":16}},"loc":{"start":{"line":2,"column":39},"end":{"line":17,"column":1}},"line":2},"1":{"name":"(anonymous_1)","decl":{"start":{"line":5,"column":10},"end":{"line":5,"column":11}},"loc":{"start":{"line":5,"column":22},"end":{"line":16,"column":5}},"line":5}},"branchMap":{},"s":{"0":1,"1":1,"2":1},"f":{"0":1,"1":1},"b":{},"_coverageSchema":"332fd63041d2c1bcb487cc26dd0d5f7d97098a6c","hash":"9568f544e6c75a158018858d2eac9daa28953597"}
,"/Users/annika/workspace/finalproject/ShopBro-2.0/server/server.js": {"path":"/Users/annika/workspace/finalproject/ShopBro-2.0/server/server.js","statementMap":{"0":{"start":{"line":1,"column":11},"end":{"line":1,"column":26}},"1":{"start":{"line":2,"column":14},"end":{"line":2,"column":32}},"2":{"start":{"line":3,"column":17},"end":{"line":3,"column":39}},"3":{"start":{"line":4,"column":11},"end":{"line":4,"column":26}},"4":{"start":{"line":5,"column":15},"end":{"line":5,"column":34}},"5":{"start":{"line":7,"column":13},"end":{"line":7,"column":22}},"6":{"start":{"line":9,"column":0},"end":{"line":9,"column":21}},"7":{"start":{"line":11,"column":0},"end":{"line":11,"column":33}},"8":{"start":{"line":12,"column":0},"end":{"line":12,"column":29}},"9":{"start":{"line":13,"column":0},"end":{"line":13,"column":61}},"10":{"start":{"line":15,"column":0},"end":{"line":15,"column":49}},"11":{"start":{"line":16,"column":0},"end":{"line":16,"column":70}},"12":{"start":{"line":18,"column":0},"end":{"line":18,"column":23}}},"fnMap":{},"branchMap":{},"s":{"0":1,"1":1,"2":1,"3":1,"4":1,"5":1,"6":1,"7":1,"8":1,"9":1,"10":1,"11":1,"12":1},"f":{},"b":{},"_coverageSchema":"332fd63041d2c1bcb487cc26dd0d5f7d97098a6c","hash":"e7270a2bbfb999c4defa972657fc462523b77a68"}
,"/Users/annika/workspace/finalproject/ShopBro-2.0/server/auth/hash.js": {"path":"/Users/annika/workspace/finalproject/ShopBro-2.0/server/auth/hash.js","statementMap":{"0":{"start":{"line":1,"column":13},"end":{"line":1,"column":30}},"1":{"start":{"line":4,"column":2},"end":{"line":4,"column":31}},"2":{"start":{"line":8,"column":2},"end":{"line":8,"column":36}},"3":{"start":{"line":11,"column":0},"end":{"line":14,"column":1}}},"fnMap":{"0":{"name":"generate","decl":{"start":{"line":3,"column":9},"end":{"line":3,"column":17}},"loc":{"start":{"line":3,"column":32},"end":{"line":5,"column":1}},"line":3},"1":{"name":"compare","decl":{"start":{"line":7,"column":9},"end":{"line":7,"column":16}},"loc":{"start":{"line":7,"column":38},"end":{"line":9,"column":1}},"line":7}},"branchMap":{},"s":{"0":1,"1":0,"2":0,"3":1},"f":{"0":0,"1":0},"b":{},"_coverageSchema":"332fd63041d2c1bcb487cc26dd0d5f7d97098a6c","hash":"e9dc9d1b4ede6b3d2b8deb9a094cf672f6540a5e"}
,"/Users/annika/workspace/finalproject/ShopBro-2.0/server/auth/token.js": {"path":"/Users/annika/workspace/finalproject/ShopBro-2.0/server/auth/token.js","statementMap":{"0":{"start":{"line":1,"column":10},"end":{"line":1,"column":33}},"1":{"start":{"line":2,"column":22},"end":{"line":2,"column":44}},"2":{"start":{"line":3,"column":16},"end":{"line":3,"column":38}},"3":{"start":{"line":4,"column":16},"end":{"line":4,"column":33}},"4":{"start":{"line":7,"column":2},"end":{"line":21,"column":37}},"5":{"start":{"line":9,"column":6},"end":{"line":19,"column":8}},"6":{"start":{"line":10,"column":8},"end":{"line":18,"column":9}},"7":{"start":{"line":10,"column":17},"end":{"line":10,"column":61}},"8":{"start":{"line":11,"column":13},"end":{"line":18,"column":9}},"9":{"start":{"line":11,"column":25},"end":{"line":11,"column":81}},"10":{"start":{"line":13,"column":22},"end":{"line":13,"column":63}},"11":{"start":{"line":14,"column":10},"end":{"line":17,"column":12}},"12":{"start":{"line":21,"column":18},"end":{"line":21,"column":36}},"13":{"start":{"line":25,"column":2},"end":{"line":31,"column":4}},"14":{"start":{"line":35,"column":2},"end":{"line":35,"column":36}},"15":{"start":{"line":39,"column":2},"end":{"line":39,"column":48}},"16":{"start":{"line":42,"column":0},"end":{"line":46,"column":1}}},"fnMap":{"0":{"name":"issue","decl":{"start":{"line":6,"column":9},"end":{"line":6,"column":14}},"loc":{"start":{"line":6,"column":26},"end":{"line":22,"column":1}},"line":6},"1":{"name":"(anonymous_1)","decl":{"start":{"line":8,"column":10},"end":{"line":8,"column":11}},"loc":{"start":{"line":8,"column":18},"end":{"line":20,"column":5}},"line":8},"2":{"name":"(anonymous_2)","decl":{"start":{"line":9,"column":44},"end":{"line":9,"column":45}},"loc":{"start":{"line":9,"column":60},"end":{"line":19,"column":7}},"line":9},"3":{"name":"(anonymous_3)","decl":{"start":{"line":21,"column":11},"end":{"line":21,"column":12}},"loc":{"start":{"line":21,"column":18},"end":{"line":21,"column":36}},"line":21},"4":{"name":"createToken","decl":{"start":{"line":24,"column":9},"end":{"line":24,"column":20}},"loc":{"start":{"line":24,"column":36},"end":{"line":32,"column":1}},"line":24},"5":{"name":"getSecret","decl":{"start":{"line":34,"column":9},"end":{"line":34,"column":18}},"loc":{"start":{"line":34,"column":39},"end":{"line":36,"column":1}},"line":34},"6":{"name":"decode","decl":{"start":{"line":38,"column":9},"end":{"line":38,"column":15}},"loc":{"start":{"line":38,"column":33},"end":{"line":40,"column":1}},"line":38}},"branchMap":{"0":{"loc":{"start":{"line":10,"column":8},"end":{"line":18,"column":9}},"type":"if","locations":[{"start":{"line":10,"column":8},"end":{"line":18,"column":9}},{"start":{"line":10,"column":8},"end":{"line":18,"column":9}}],"line":10},"1":{"loc":{"start":{"line":11,"column":13},"end":{"line":18,"column":9}},"type":"if","locations":[{"start":{"line":11,"column":13},"end":{"line":18,"column":9}},{"start":{"line":11,"column":13},"end":{"line":18,"column":9}}],"line":11}},"s":{"0":1,"1":1,"2":1,"3":1,"4":0,"5":0,"6":0,"7":0,"8":0,"9":0,"10":0,"11":0,"12":0,"13":0,"14":0,"15":0,"16":1},"f":{"0":0,"1":0,"2":0,"3":0,"4":0,"5":0,"6":0},"b":{"0":[0,0],"1":[0,0]},"_coverageSchema":"332fd63041d2c1bcb487cc26dd0d5f7d97098a6c","hash":"7fdcba84f8307ad41637f10ddab1fa43730fefe8"}
,"/Users/annika/workspace/finalproject/ShopBro-2.0/server/db/shoppinglists.js": {"path":"/Users/annika/workspace/finalproject/ShopBro-2.0/server/db/shoppinglists.js","statementMap":{"0":{"start":{"line":6,"column":2},"end":{"line":7,"column":25}},"1":{"start":{"line":12,"column":0},"end":{"line":14,"column":1}}},"fnMap":{"0":{"name":"addShoppinglist","decl":{"start":{"line":5,"column":9},"end":{"line":5,"column":24}},"loc":{"start":{"line":5,"column":44},"end":{"line":8,"column":3}},"line":5}},"branchMap":{},"s":{"0":1,"1":2},"f":{"0":1},"b":{},"_coverageSchema":"332fd63041d2c1bcb487cc26dd0d5f7d97098a6c","hash":"5674fa188bc9ceef7fb8556870ade6c2a7cfb266"}
,"/Users/annika/workspace/finalproject/ShopBro-2.0/server/db/users.js": {"path":"/Users/annika/workspace/finalproject/ShopBro-2.0/server/db/users.js","statementMap":{"0":{"start":{"line":1,"column":11},"end":{"line":1,"column":34}},"1":{"start":{"line":4,"column":2},"end":{"line":12,"column":4}},"2":{"start":{"line":5,"column":4},"end":{"line":10,"column":6}},"3":{"start":{"line":6,"column":6},"end":{"line":6,"column":26}},"4":{"start":{"line":6,"column":15},"end":{"line":6,"column":26}},"5":{"start":{"line":7,"column":6},"end":{"line":9,"column":42}},"6":{"start":{"line":9,"column":25},"end":{"line":9,"column":41}},"7":{"start":{"line":16,"column":2},"end":{"line":19,"column":25}},"8":{"start":{"line":19,"column":18},"end":{"line":19,"column":24}},"9":{"start":{"line":23,"column":2},"end":{"line":25,"column":12}},"10":{"start":{"line":28,"column":0},"end":{"line":32,"column":1}}},"fnMap":{"0":{"name":"createUser","decl":{"start":{"line":3,"column":9},"end":{"line":3,"column":19}},"loc":{"start":{"line":3,"column":58},"end":{"line":13,"column":1}},"line":3},"1":{"name":"(anonymous_1)","decl":{"start":{"line":4,"column":22},"end":{"line":4,"column":23}},"loc":{"start":{"line":4,"column":43},"end":{"line":12,"column":3}},"line":4},"2":{"name":"(anonymous_2)","decl":{"start":{"line":5,"column":28},"end":{"line":5,"column":29}},"loc":{"start":{"line":5,"column":43},"end":{"line":10,"column":5}},"line":5},"3":{"name":"(anonymous_3)","decl":{"start":{"line":9,"column":14},"end":{"line":9,"column":15}},"loc":{"start":{"line":9,"column":25},"end":{"line":9,"column":41}},"line":9},"4":{"name":"userExists","decl":{"start":{"line":15,"column":9},"end":{"line":15,"column":19}},"loc":{"start":{"line":15,"column":36},"end":{"line":20,"column":1}},"line":15},"5":{"name":"(anonymous_5)","decl":{"start":{"line":19,"column":10},"end":{"line":19,"column":11}},"loc":{"start":{"line":19,"column":18},"end":{"line":19,"column":24}},"line":19},"6":{"name":"getUserByName","decl":{"start":{"line":22,"column":9},"end":{"line":22,"column":22}},"loc":{"start":{"line":22,"column":39},"end":{"line":26,"column":1}},"line":22}},"branchMap":{"0":{"loc":{"start":{"line":6,"column":6},"end":{"line":6,"column":26}},"type":"if","locations":[{"start":{"line":6,"column":6},"end":{"line":6,"column":26}},{"start":{"line":6,"column":6},"end":{"line":6,"column":26}}],"line":6}},"s":{"0":1,"1":0,"2":0,"3":0,"4":0,"5":0,"6":0,"7":0,"8":0,"9":0,"10":1},"f":{"0":0,"1":0,"2":0,"3":0,"4":0,"5":0,"6":0},"b":{"0":[0,0]},"_coverageSchema":"332fd63041d2c1bcb487cc26dd0d5f7d97098a6c","hash":"0f2aecdacf622ae36af930c373f8d016046a2c6c"}
,"/Users/annika/workspace/finalproject/ShopBro-2.0/server/routes/auth.js": {"path":"/Users/annika/workspace/finalproject/ShopBro-2.0/server/routes/auth.js","statementMap":{"0":{"start":{"line":1,"column":13},"end":{"line":1,"column":40}},"1":{"start":{"line":3,"column":31},"end":{"line":3,"column":53}},"2":{"start":{"line":4,"column":12},"end":{"line":4,"column":36}},"3":{"start":{"line":6,"column":0},"end":{"line":6,"column":47}},"4":{"start":{"line":9,"column":44},"end":{"line":9,"column":52}},"5":{"start":{"line":10,"column":2},"end":{"line":16,"column":63}},"6":{"start":{"line":12,"column":6},"end":{"line":12,"column":71}},"7":{"start":{"line":12,"column":18},"end":{"line":12,"column":71}},"8":{"start":{"line":13,"column":6},"end":{"line":14,"column":27}},"9":{"start":{"line":14,"column":20},"end":{"line":14,"column":26}},"10":{"start":{"line":16,"column":18},"end":{"line":16,"column":62}},"11":{"start":{"line":19,"column":0},"end":{"line":19,"column":34}},"12":{"start":{"line":21,"column":0},"end":{"line":23,"column":2}},"13":{"start":{"line":22,"column":2},"end":{"line":22,"column":24}},"14":{"start":{"line":25,"column":0},"end":{"line":25,"column":23}}},"fnMap":{"0":{"name":"register","decl":{"start":{"line":8,"column":9},"end":{"line":8,"column":17}},"loc":{"start":{"line":8,"column":35},"end":{"line":17,"column":1}},"line":8},"1":{"name":"(anonymous_1)","decl":{"start":{"line":11,"column":10},"end":{"line":11,"column":11}},"loc":{"start":{"line":11,"column":20},"end":{"line":15,"column":5}},"line":11},"2":{"name":"(anonymous_2)","decl":{"start":{"line":14,"column":14},"end":{"line":14,"column":15}},"loc":{"start":{"line":14,"column":20},"end":{"line":14,"column":26}},"line":14},"3":{"name":"(anonymous_3)","decl":{"start":{"line":16,"column":11},"end":{"line":16,"column":12}},"loc":{"start":{"line":16,"column":18},"end":{"line":16,"column":62}},"line":16},"4":{"name":"(anonymous_4)","decl":{"start":{"line":21,"column":16},"end":{"line":21,"column":17}},"loc":{"start":{"line":21,"column":35},"end":{"line":23,"column":1}},"line":21}},"branchMap":{"0":{"loc":{"start":{"line":12,"column":6},"end":{"line":12,"column":71}},"type":"if","locations":[{"start":{"line":12,"column":6},"end":{"line":12,"column":71}},{"start":{"line":12,"column":6},"end":{"line":12,"column":71}}],"line":12}},"s":{"0":1,"1":1,"2":1,"3":1,"4":0,"5":0,"6":0,"7":0,"8":0,"9":0,"10":0,"11":1,"12":1,"13":1,"14":1},"f":{"0":0,"1":0,"2":0,"3":0,"4":1},"b":{"0":[0,0]},"_coverageSchema":"332fd63041d2c1bcb487cc26dd0d5f7d97098a6c","hash":"dc7af36365babbb65c95c05f0f6e263758fb5fca"}
,"/Users/annika/workspace/finalproject/ShopBro-2.0/server/routes/shoppinglists.js": {"path":"/Users/annika/workspace/finalproject/ShopBro-2.0/server/routes/shoppinglists.js","statementMap":{"0":{"start":{"line":1,"column":13},"end":{"line":1,"column":40}},"1":{"start":{"line":2,"column":15},"end":{"line":2,"column":39}},"2":{"start":{"line":4,"column":9},"end":{"line":4,"column":39}},"3":{"start":{"line":6,"column":0},"end":{"line":26,"column":4}},"4":{"start":{"line":7,"column":26},"end":{"line":18,"column":5}},"5":{"start":{"line":20,"column":4},"end":{"line":25,"column":72}},"6":{"start":{"line":23,"column":6},"end":{"line":23,"column":39}},"7":{"start":{"line":25,"column":18},"end":{"line":25,"column":71}},"8":{"start":{"line":28,"column":2},"end":{"line":28,"column":25}}},"fnMap":{"0":{"name":"(anonymous_0)","decl":{"start":{"line":6,"column":25},"end":{"line":6,"column":26}},"loc":{"start":{"line":6,"column":36},"end":{"line":26,"column":3}},"line":6},"1":{"name":"(anonymous_1)","decl":{"start":{"line":21,"column":10},"end":{"line":21,"column":11}},"loc":{"start":{"line":21,"column":17},"end":{"line":24,"column":5}},"line":21},"2":{"name":"(anonymous_2)","decl":{"start":{"line":25,"column":11},"end":{"line":25,"column":12}},"loc":{"start":{"line":25,"column":18},"end":{"line":25,"column":71}},"line":25}},"branchMap":{},"s":{"0":1,"1":1,"2":1,"3":1,"4":0,"5":0,"6":0,"7":0,"8":1},"f":{"0":0,"1":0,"2":0},"b":{},"_coverageSchema":"332fd63041d2c1bcb487cc26dd0d5f7d97098a6c","hash":"2d09cb0adb83a84d1e095ff69e1713a3ea7d3532"}
,"/Users/annika/workspace/finalproject/ShopBro-2.0/test/server/test-environment.js": {"path":"/Users/annika/workspace/finalproject/ShopBro-2.0/test/server/test-environment.js","statementMap":{"0":{"start":{"line":1,"column":18},"end":{"line":1,"column":33}},"1":{"start":{"line":3,"column":19},"end":{"line":3,"column":49}},"2":{"start":{"line":5,"column":0},"end":{"line":22,"column":1}},"3":{"start":{"line":7,"column":19},"end":{"line":7,"column":40}},"4":{"start":{"line":12,"column":4},"end":{"line":15,"column":8}},"5":{"start":{"line":14,"column":8},"end":{"line":14,"column":28}},"6":{"start":{"line":20,"column":4},"end":{"line":20,"column":23}}},"fnMap":{"0":{"name":"(anonymous_0)","decl":{"start":{"line":7,"column":13},"end":{"line":7,"column":14}},"loc":{"start":{"line":7,"column":19},"end":{"line":7,"column":40}},"line":7},"1":{"name":"(anonymous_1)","decl":{"start":{"line":11,"column":14},"end":{"line":11,"column":15}},"loc":{"start":{"line":11,"column":22},"end":{"line":16,"column":3}},"line":11},"2":{"name":"(anonymous_2)","decl":{"start":{"line":13,"column":12},"end":{"line":13,"column":13}},"loc":{"start":{"line":13,"column":18},"end":{"line":15,"column":7}},"line":13},"3":{"name":"(anonymous_3)","decl":{"start":{"line":19,"column":11},"end":{"line":19,"column":12}},"loc":{"start":{"line":19,"column":19},"end":{"line":21,"column":3}},"line":19}},"branchMap":{},"s":{"0":1,"1":1,"2":1,"3":1,"4":1,"5":1,"6":1},"f":{"0":1,"1":1,"2":1,"3":1},"b":{},"_coverageSchema":"332fd63041d2c1bcb487cc26dd0d5f7d97098a6c","hash":"acddc42e7296c08d8cca1f249ffa8fde09314449"}
}
