TN:
SF:/Users/annika/workspace/finalproject/ShopBro-2.0/client/reducers/budget-View.js
FN:3,(anonymous_0)
FNF:1
FNH:1
FNDA:3,(anonymous_0)
DA:1,1
DA:3,1
DA:4,3
DA:6,1
DA:8,1
DA:10,1
LF:6
LH:6
BRDA:3,0,0,1
BRDA:4,1,0,1
BRDA:4,1,1,1
BRDA:4,1,2,1
BRF:4
BRH:4
end_of_record
TN:
SF:/Users/annika/workspace/finalproject/ShopBro-2.0/client/reducers/budget.js
FN:1,(anonymous_0)
FNF:1
FNH:1
FNDA:4,(anonymous_0)
DA:1,1
DA:2,4
DA:4,1
DA:6,1
DA:8,1
DA:10,1
LF:6
LH:6
BRDA:1,0,0,3
BRDA:2,1,0,1
BRDA:2,1,1,1
BRDA:2,1,2,1
BRDA:2,1,3,1
BRF:5
BRH:5
end_of_record
