TN:
SF:/Users/annika/workspace/finalproject/ShopBro-2.0/knexfile.js
FNF:0
FNH:0
DA:3,1
LF:1
LH:1
BRF:0
BRH:0
end_of_record
TN:
SF:/Users/annika/workspace/finalproject/ShopBro-2.0/client/reducers/budget-View.js
FN:3,(anonymous_0)
FNF:1
FNH:1
FNDA:2,(anonymous_0)
DA:1,1
DA:3,1
DA:4,2
DA:6,1
DA:8,0
DA:10,1
LF:6
LH:5
BRDA:3,0,0,1
BRDA:4,1,0,1
BRDA:4,1,1,0
BRDA:4,1,2,1
BRF:4
BRH:3
end_of_record
TN:
SF:/Users/annika/workspace/finalproject/ShopBro-2.0/client/reducers/budget.js
FN:1,(anonymous_0)
FNF:1
FNH:1
FNDA:3,(anonymous_0)
DA:1,1
DA:2,3
DA:4,1
DA:6,1
DA:8,0
DA:10,1
LF:6
LH:5
BRDA:1,0,0,3
BRDA:2,1,0,1
BRDA:2,1,1,1
BRDA:2,1,2,0
BRDA:2,1,3,1
BRF:5
BRH:4
end_of_record
TN:
SF:/Users/annika/workspace/finalproject/ShopBro-2.0/client/reducers/shoppingList.js
FN:1,shoppingList
FN:6,(anonymous_1)
FN:15,(anonymous_2)
FNF:3
FNH:1
FNDA:2,shoppingList
FNDA:0,(anonymous_1)
FNDA:0,(anonymous_2)
DA:2,2
DA:4,1
DA:6,0
DA:7,0
DA:8,0
DA:10,0
DA:13,0
DA:15,0
DA:16,0
DA:18,0
DA:20,0
DA:22,0
DA:24,1
LF:13
LH:3
BRDA:1,0,0,2
BRDA:2,1,0,1
BRDA:2,1,1,0
BRDA:2,1,2,0
BRDA:2,1,3,0
BRDA:2,1,4,0
BRDA:2,1,5,1
BRDA:7,2,0,0
BRDA:7,2,1,0
BRF:9
BRH:3
end_of_record
TN:
SF:/Users/annika/workspace/finalproject/ShopBro-2.0/client/reducers/totalSpend.js
FN:1,(anonymous_0)
FNF:1
FNH:1
FNDA:3,(anonymous_0)
DA:1,1
DA:2,3
DA:4,1
DA:6,1
DA:8,0
DA:10,0
DA:12,1
LF:7
LH:5
BRDA:1,0,0,1
BRDA:2,1,0,1
BRDA:2,1,1,1
BRDA:2,1,2,0
BRDA:2,1,3,0
BRDA:2,1,4,1
BRF:6
BRH:4
end_of_record
TN:
SF:/Users/annika/workspace/finalproject/ShopBro-2.0/migrations/20170829044256_users.js
FN:2,(anonymous_0)
FN:3,(anonymous_1)
FN:11,(anonymous_2)
FNF:3
FNH:2
FNDA:1,(anonymous_0)
FNDA:1,(anonymous_1)
FNDA:0,(anonymous_2)
DA:2,1
DA:3,1
DA:4,1
DA:5,1
DA:6,1
DA:7,1
DA:11,1
DA:12,0
LF:8
LH:7
BRF:0
BRH:0
end_of_record
TN:
SF:/Users/annika/workspace/finalproject/ShopBro-2.0/migrations/20180510114106_shoppinglist.js
FN:4,(anonymous_0)
FN:5,(anonymous_1)
FN:15,(anonymous_2)
FNF:3
FNH:2
FNDA:1,(anonymous_0)
FNDA:1,(anonymous_1)
FNDA:0,(anonymous_2)
DA:4,1
DA:5,1
DA:6,1
DA:7,1
DA:8,1
DA:9,1
DA:10,1
DA:11,1
DA:15,1
DA:16,0
LF:10
LH:9
BRF:0
BRH:0
end_of_record
TN:
SF:/Users/annika/workspace/finalproject/ShopBro-2.0/seeds/shoppinglist.js
FN:2,(anonymous_0)
FN:5,(anonymous_1)
FNF:2
FNH:2
FNDA:1,(anonymous_0)
FNDA:1,(anonymous_1)
DA:2,1
DA:4,1
DA:7,1
LF:3
LH:3
BRF:0
BRH:0
end_of_record
TN:
SF:/Users/annika/workspace/finalproject/ShopBro-2.0/server/server.js
FNF:0
FNH:0
DA:1,1
DA:2,1
DA:3,1
DA:4,1
DA:5,1
DA:7,1
DA:9,1
DA:11,1
DA:12,1
DA:13,1
DA:15,1
DA:16,1
DA:18,1
LF:13
LH:13
BRF:0
BRH:0
end_of_record
TN:
SF:/Users/annika/workspace/finalproject/ShopBro-2.0/server/auth/hash.js
FN:3,generate
FN:7,compare
FNF:2
FNH:0
FNDA:0,generate
FNDA:0,compare
DA:1,1
DA:4,0
DA:8,0
DA:11,1
LF:4
LH:2
BRF:0
BRH:0
end_of_record
TN:
SF:/Users/annika/workspace/finalproject/ShopBro-2.0/server/auth/token.js
FN:6,issue
FN:8,(anonymous_1)
FN:9,(anonymous_2)
FN:21,(anonymous_3)
FN:24,createToken
FN:34,getSecret
FN:38,decode
FNF:7
FNH:0
FNDA:0,issue
FNDA:0,(anonymous_1)
FNDA:0,(anonymous_2)
FNDA:0,(anonymous_3)
FNDA:0,createToken
FNDA:0,getSecret
FNDA:0,decode
DA:1,1
DA:2,1
DA:3,1
DA:4,1
DA:7,0
DA:9,0
DA:10,0
DA:11,0
DA:13,0
DA:14,0
DA:21,0
DA:25,0
DA:35,0
DA:39,0
DA:42,1
LF:15
LH:5
BRDA:10,0,0,0
BRDA:10,0,1,0
BRDA:11,1,0,0
BRDA:11,1,1,0
BRF:4
BRH:0
end_of_record
TN:
SF:/Users/annika/workspace/finalproject/ShopBro-2.0/server/db/shoppinglists.js
FN:5,addShoppinglist
FNF:1
FNH:1
FNDA:1,addShoppinglist
DA:6,1
DA:12,2
LF:2
LH:2
BRF:0
BRH:0
end_of_record
TN:
SF:/Users/annika/workspace/finalproject/ShopBro-2.0/server/db/users.js
FN:3,createUser
FN:4,(anonymous_1)
FN:5,(anonymous_2)
FN:9,(anonymous_3)
FN:15,userExists
FN:19,(anonymous_5)
FN:22,getUserByName
FNF:7
FNH:0
FNDA:0,createUser
FNDA:0,(anonymous_1)
FNDA:0,(anonymous_2)
FNDA:0,(anonymous_3)
FNDA:0,userExists
FNDA:0,(anonymous_5)
FNDA:0,getUserByName
DA:1,1
DA:4,0
DA:5,0
DA:6,0
DA:7,0
DA:9,0
DA:16,0
DA:19,0
DA:23,0
DA:28,1
LF:10
LH:2
BRDA:6,0,0,0
BRDA:6,0,1,0
BRF:2
BRH:0
end_of_record
TN:
SF:/Users/annika/workspace/finalproject/ShopBro-2.0/server/routes/auth.js
FN:8,register
FN:11,(anonymous_1)
FN:14,(anonymous_2)
FN:16,(anonymous_3)
FN:21,(anonymous_4)
FNF:5
FNH:1
FNDA:0,register
FNDA:0,(anonymous_1)
FNDA:0,(anonymous_2)
FNDA:0,(anonymous_3)
FNDA:1,(anonymous_4)
DA:1,1
DA:3,1
DA:4,1
DA:6,1
DA:9,0
DA:10,0
DA:12,0
DA:13,0
DA:14,0
DA:16,0
DA:19,1
DA:21,1
DA:22,1
DA:25,1
LF:14
LH:8
BRDA:12,0,0,0
BRDA:12,0,1,0
BRF:2
BRH:0
end_of_record
TN:
SF:/Users/annika/workspace/finalproject/ShopBro-2.0/server/routes/shoppinglists.js
FN:6,(anonymous_0)
FN:21,(anonymous_1)
FN:25,(anonymous_2)
FNF:3
FNH:0
FNDA:0,(anonymous_0)
FNDA:0,(anonymous_1)
FNDA:0,(anonymous_2)
DA:1,1
DA:2,1
DA:4,1
DA:6,1
DA:7,0
DA:20,0
DA:23,0
DA:25,0
DA:28,1
LF:9
LH:5
BRF:0
BRH:0
end_of_record
TN:
SF:/Users/annika/workspace/finalproject/ShopBro-2.0/test/server/test-environment.js
FN:7,(anonymous_0)
FN:11,(anonymous_1)
FN:13,(anonymous_2)
FN:19,(anonymous_3)
FNF:4
FNH:4
FNDA:1,(anonymous_0)
FNDA:1,(anonymous_1)
FNDA:1,(anonymous_2)
FNDA:1,(anonymous_3)
DA:1,1
DA:3,1
DA:5,1
DA:7,1
DA:12,1
DA:14,1
DA:20,1
LF:7
LH:7
BRF:0
BRH:0
end_of_record
